<component name="libraryTable">
  <library name="JUnit5.8.1">
    <CLASSES />
    <JAVADOC />
    <SOURCES />
  </library>
</component>